<?xml version="1.0" encoding="UTF-8"?>
<!--
  Copyright (c) 2013 VITRO FP7 Consortium.
  All rights reserved. This program and the accompanying materials
  are made available under the terms of the GNU Lesser Public License v3.0 which accompanies this distribution, and is available at
  http://www.gnu.org/licenses/lgpl-3.0.html
  
  Contributors:
      Antoniou Thanasis
      Paolo Medagliani
      D. Davide Lamanna
      Panos Trakadas
      Andrea Kropp
      Kiriakos Georgouleas
      Panagiotis Karkazis
      David Ferrer Figueroa
      Francesco Ficarola
      Stefano Puglia
-->
<vgw-activation-request
	xmlns="http://vitro.vgw.request"
	xmlns:xsi="http://www.w3.org/2001/XMLSchema-instance"
	xsi:schemaLocation="http://vitro.vgw.request request.xsd">
	<node-id>fec0:0:0:2::1</node-id>
</vgw-activation-request>
